make: *** [run] Error 143
javac -classpath bin:src:lib/stanford-parser-2010-11-30.jar:lib/opennlp-tools-1.4.3.jar:lib/stanford-postagger-2008-09-28.jar:lib/jdom.jar  src/edtProcessor/ParsingEdt.java
mkdir -p output
java -Xmx1024m -Xms1024m -classpath bin:src:lib/stanford-parser-2010-11-30.jar:lib/opennlp-tools-1.4.3.jar:lib/stanford-postagger-2008-09-28.jar:lib/jdom.jar  edtProcessor/ParsingEdt ./EDTClinicalText/11120000.txt ./EDTClinicalText
current start time: 2011-06-03 16:57:06
startTime: 3110120240225244
Loading parser from serialized file models/englishPCFG.ser.gz ... done [2.1 sec].
edt file name: 11120000.txt
make: *** [run] Error 130
mkdir -p output
java -Xmx1024m -Xms1024m -classpath bin:src:lib/stanford-parser-2010-11-30.jar:lib/opennlp-tools-1.4.3.jar:lib/stanford-postagger-2008-09-28.jar:lib/jdom.jar  edtProcessor/ParsingEdt ./EDTClinicalText/11120000.txt ./EDTClinicalText
current start time: 2011-06-03 16:59:31
startTime: 3110265370858648
Loading parser from serialized file models/englishPCFG.ser.gz ... done [2.1 sec].
edt file name: 11120000.txt
Following exception caught during parsing:
java.lang.UnsupportedOperationException: Sentence too long: length 133
	at edu.stanford.nlp.parser.lexparser.LexicalizedParser.parse(LexicalizedParser.java:365)
	at edu.stanford.nlp.parser.lexparser.LexicalizedParser.apply(LexicalizedParser.java:276)
	at edtProcessor.ParsingEdt.parsingEdt(ParsingEdt.java:172)
	at edtProcessor.ParsingEdt.process(ParsingEdt.java:101)
	at edtProcessor.ParsingEdt.<init>(ParsingEdt.java:49)
	at edtProcessor.ParsingEdt.main(ParsingEdt.java:229)
Recovering using fall through strategy: will construct an (X ...) tree.
Following exception caught during parsing:
java.lang.UnsupportedOperationException: Sentence too long: length 165
	at edu.stanford.nlp.parser.lexparser.LexicalizedParser.parse(LexicalizedParser.java:365)
	at edu.stanford.nlp.parser.lexparser.LexicalizedParser.apply(LexicalizedParser.java:276)
	at edtProcessor.ParsingEdt.parsingEdt(ParsingEdt.java:172)
	at edtProcessor.ParsingEdt.process(ParsingEdt.java:101)
	at edtProcessor.ParsingEdt.<init>(ParsingEdt.java:49)
	at edtProcessor.ParsingEdt.main(ParsingEdt.java:229)
Recovering using fall through strategy: will construct an (X ...) tree.
Following exception caught during parsing:
java.lang.UnsupportedOperationException: Sentence too long: length 154
	at edu.stanford.nlp.parser.lexparser.LexicalizedParser.parse(LexicalizedParser.java:365)
	at edu.stanford.nlp.parser.lexparser.LexicalizedParser.apply(LexicalizedParser.java:276)
	at edtProcessor.ParsingEdt.parsingEdt(ParsingEdt.java:172)
	at edtProcessor.ParsingEdt.process(ParsingEdt.java:101)
	at edtProcessor.ParsingEdt.<init>(ParsingEdt.java:49)
	at edtProcessor.ParsingEdt.main(ParsingEdt.java:229)
Recovering using fall through strategy: will construct an (X ...) tree.
Following exception caught during parsing:
java.lang.UnsupportedOperationException: Sentence too long: length 152
	at edu.stanford.nlp.parser.lexparser.LexicalizedParser.parse(LexicalizedParser.java:365)
	at edu.stanford.nlp.parser.lexparser.LexicalizedParser.apply(LexicalizedParser.java:276)
	at edtProcessor.ParsingEdt.parsingEdt(ParsingEdt.java:172)
	at edtProcessor.ParsingEdt.process(ParsingEdt.java:101)
	at edtProcessor.ParsingEdt.<init>(ParsingEdt.java:49)
	at edtProcessor.ParsingEdt.main(ParsingEdt.java:229)
Recovering using fall through strategy: will construct an (X ...) tree.
Following exception caught during parsing:
java.lang.UnsupportedOperationException: Sentence too long: length 128
	at edu.stanford.nlp.parser.lexparser.LexicalizedParser.parse(LexicalizedParser.java:365)
	at edu.stanford.nlp.parser.lexparser.LexicalizedParser.apply(LexicalizedParser.java:276)
	at edtProcessor.ParsingEdt.parsingEdt(ParsingEdt.java:172)
	at edtProcessor.ParsingEdt.process(ParsingEdt.java:101)
	at edtProcessor.ParsingEdt.<init>(ParsingEdt.java:49)
	at edtProcessor.ParsingEdt.main(ParsingEdt.java:229)
Recovering using fall through strategy: will construct an (X ...) tree.
Following exception caught during parsing:
java.lang.UnsupportedOperationException: Sentence too long: length 123
	at edu.stanford.nlp.parser.lexparser.LexicalizedParser.parse(LexicalizedParser.java:365)
	at edu.stanford.nlp.parser.lexparser.LexicalizedParser.apply(LexicalizedParser.java:276)
	at edtProcessor.ParsingEdt.parsingEdt(ParsingEdt.java:172)
	at edtProcessor.ParsingEdt.process(ParsingEdt.java:101)
	at edtProcessor.ParsingEdt.<init>(ParsingEdt.java:49)
	at edtProcessor.ParsingEdt.main(ParsingEdt.java:229)
Recovering using fall through strategy: will construct an (X ...) tree.
Following exception caught during parsing:
java.lang.UnsupportedOperationException: Sentence too long: length 125
	at edu.stanford.nlp.parser.lexparser.LexicalizedParser.parse(LexicalizedParser.java:365)
	at edu.stanford.nlp.parser.lexparser.LexicalizedParser.apply(LexicalizedParser.java:276)
	at edtProcessor.ParsingEdt.parsingEdt(ParsingEdt.java:172)
	at edtProcessor.ParsingEdt.process(ParsingEdt.java:101)
	at edtProcessor.ParsingEdt.<init>(ParsingEdt.java:49)
	at edtProcessor.ParsingEdt.main(ParsingEdt.java:229)
Recovering using fall through strategy: will construct an (X ...) tree.
Following exception caught during parsing:
java.lang.UnsupportedOperationException: Sentence too long: length 142
	at edu.stanford.nlp.parser.lexparser.LexicalizedParser.parse(LexicalizedParser.java:365)
	at edu.stanford.nlp.parser.lexparser.LexicalizedParser.apply(LexicalizedParser.java:276)
	at edtProcessor.ParsingEdt.parsingEdt(ParsingEdt.java:172)
	at edtProcessor.ParsingEdt.process(ParsingEdt.java:101)
	at edtProcessor.ParsingEdt.<init>(ParsingEdt.java:49)
	at edtProcessor.ParsingEdt.main(ParsingEdt.java:229)
Recovering using fall through strategy: will construct an (X ...) tree.
Following exception caught during parsing:
java.lang.UnsupportedOperationException: Sentence too long: length 128
	at edu.stanford.nlp.parser.lexparser.LexicalizedParser.parse(LexicalizedParser.java:365)
	at edu.stanford.nlp.parser.lexparser.LexicalizedParser.apply(LexicalizedParser.java:276)
	at edtProcessor.ParsingEdt.parsingEdt(ParsingEdt.java:172)
	at edtProcessor.ParsingEdt.process(ParsingEdt.java:101)
	at edtProcessor.ParsingEdt.<init>(ParsingEdt.java:49)
	at edtProcessor.ParsingEdt.main(ParsingEdt.java:229)
Recovering using fall through strategy: will construct an (X ...) tree.
Following exception caught during parsing:
java.lang.UnsupportedOperationException: Sentence too long: length 131
	at edu.stanford.nlp.parser.lexparser.LexicalizedParser.parse(LexicalizedParser.java:365)
	at edu.stanford.nlp.parser.lexparser.LexicalizedParser.apply(LexicalizedParser.java:276)
	at edtProcessor.ParsingEdt.parsingEdt(ParsingEdt.java:172)
	at edtProcessor.ParsingEdt.process(ParsingEdt.java:101)
	at edtProcessor.ParsingEdt.<init>(ParsingEdt.java:49)
	at edtProcessor.ParsingEdt.main(ParsingEdt.java:229)
Recovering using fall through strategy: will construct an (X ...) tree.
Following exception caught during parsing:
java.lang.UnsupportedOperationException: Sentence too long: length 139
	at edu.stanford.nlp.parser.lexparser.LexicalizedParser.parse(LexicalizedParser.java:365)
	at edu.stanford.nlp.parser.lexparser.LexicalizedParser.apply(LexicalizedParser.java:276)
	at edtProcessor.ParsingEdt.parsingEdt(ParsingEdt.java:172)
	at edtProcessor.ParsingEdt.process(ParsingEdt.java:101)
	at edtProcessor.ParsingEdt.<init>(ParsingEdt.java:49)
	at edtProcessor.ParsingEdt.main(ParsingEdt.java:229)
Recovering using fall through strategy: will construct an (X ...) tree.
Following exception caught during parsing:
java.lang.UnsupportedOperationException: Sentence too long: length 143
	at edu.stanford.nlp.parser.lexparser.LexicalizedParser.parse(LexicalizedParser.java:365)
	at edu.stanford.nlp.parser.lexparser.LexicalizedParser.apply(LexicalizedParser.java:276)
	at edtProcessor.ParsingEdt.parsingEdt(ParsingEdt.java:172)
	at edtProcessor.ParsingEdt.process(ParsingEdt.java:101)
	at edtProcessor.ParsingEdt.<init>(ParsingEdt.java:49)
	at edtProcessor.ParsingEdt.main(ParsingEdt.java:229)
Recovering using fall through strategy: will construct an (X ...) tree.
Following exception caught during parsing:
java.lang.UnsupportedOperationException: Sentence too long: length 245
	at edu.stanford.nlp.parser.lexparser.LexicalizedParser.parse(LexicalizedParser.java:365)
	at edu.stanford.nlp.parser.lexparser.LexicalizedParser.apply(LexicalizedParser.java:276)
	at edtProcessor.ParsingEdt.parsingEdt(ParsingEdt.java:172)
	at edtProcessor.ParsingEdt.process(ParsingEdt.java:101)
	at edtProcessor.ParsingEdt.<init>(ParsingEdt.java:49)
	at edtProcessor.ParsingEdt.main(ParsingEdt.java:229)
Recovering using fall through strategy: will construct an (X ...) tree.
Following exception caught during parsing:
java.lang.UnsupportedOperationException: Sentence too long: length 121
	at edu.stanford.nlp.parser.lexparser.LexicalizedParser.parse(LexicalizedParser.java:365)
	at edu.stanford.nlp.parser.lexparser.LexicalizedParser.apply(LexicalizedParser.java:276)
	at edtProcessor.ParsingEdt.parsingEdt(ParsingEdt.java:172)
	at edtProcessor.ParsingEdt.process(ParsingEdt.java:101)
	at edtProcessor.ParsingEdt.<init>(ParsingEdt.java:49)
	at edtProcessor.ParsingEdt.main(ParsingEdt.java:229)
Recovering using fall through strategy: will construct an (X ...) tree.
Following exception caught during parsing:
java.lang.UnsupportedOperationException: Sentence too long: length 132
	at edu.stanford.nlp.parser.lexparser.LexicalizedParser.parse(LexicalizedParser.java:365)
	at edu.stanford.nlp.parser.lexparser.LexicalizedParser.apply(LexicalizedParser.java:276)
	at edtProcessor.ParsingEdt.parsingEdt(ParsingEdt.java:172)
	at edtProcessor.ParsingEdt.process(ParsingEdt.java:101)
	at edtProcessor.ParsingEdt.<init>(ParsingEdt.java:49)
	at edtProcessor.ParsingEdt.main(ParsingEdt.java:229)
Recovering using fall through strategy: will construct an (X ...) tree.
endTime: 1307167895870
During: -3108958202962778
current end time: 2011-06-04 01:11:35
